###############################################################################
#                                                                             #
#                                                       26/Jan/2012  01:16:59 #
# IAR C/C++ Compiler V5.40.2.20380/W32, Evaluation edition for MSP430         #
# Copyright 1996-2011 IAR Systems AB.                                         #
#                                                                             #
#    __rt_version  =  3                                                       #
#    __double_size =  32                                                      #
#    __reg_r4      =  free                                                    #
#    __reg_r5      =  free                                                    #
#    __pic         =  no                                                      #
#    __core        =  430X                                                    #
#    __data_model  =  small                                                   #
#    Source file   =  C:\Texas Instruments\ZAP-MSP430-2.5.0\Components\hal\ta #
#                     rget\MSP5438ZAP\hal_startup.c                           #
#    Command line  =  -f "C:\Texas Instruments\ZAP-MSP430-2.5.0\Projects\zsta #
#                     ck\ZAP\SE-SampleApp\EXP5438\..\..\Source\zap.cfg"       #
#                     (-DZAP_PHY_SPI=1 -DZAP_PHY_UART=!ZAP_PHY_SPI            #
#                     -DZAP_PHY_RESET_ZNP=TRUE -DZAP_ZNP_MT=FALSE             #
#                     -DZAP_APP_MSG=FALSE -DZAP_SBL_PROXY=FALSE               #
#                     -DZAP_AUTO_CFG=TRUE -DZAP_AUTO_START=TRUE               #
#                     -DZAP_NV_RESTORE=FALSE -DLCD_SUPPORTED                  #
#                     -DZAP_AF_DATA_REQ_FRAG=FALSE                            #
#                     -DZAP_AF_DATA_REQ_AREQ=!ZAP_AF_DATA_REQ_FRAG            #
#                     -DZAP_ZDO_STARTUP_AREQ=TRUE -DZAP_AF_FUNC               #
#                     -DZAP_SAPI_FUNC -DZAP_SYS_FUNC -DZAP_UTIL_FUNC          #
#                     -DZAP_ZDO_FUNC -DSECURE=0 -DZG_SECURE_DYNAMIC=0         #
#                     "-DDEFAULT_CHANLIST=(uint32)0x00000800"                 #
#                     -DZDAPP_CONFIG_PAN_ID=0xFFFF -DPOLL_RATE=1000           #
#                     -DNWK_START_DELAY=100 -DMAX_BINDING_CLUSTER_IDS=4) -f   #
#                     "C:\Texas Instruments\ZAP-MSP430-2.5.0\Projects\zstack\ #
#                     ZAP\SE-SampleApp\EXP5438\..\..\..\Tools\MSP5438\f8wZCL. #
#                     cfg" (-DZCL_READ -DZCL_WRITE -DZCL_BASIC                #
#                     -DZCL_IDENTIFY -DZCL_ON_OFF -DZCL_KEY_ESTABLISH         #
#                     -DZCL_KEY_ESTABLISHMENT_KEY_GENERATE_TIMEOUT=4          #
#                     -DZCL_KEY_ESTABLISHMENT_MAC_GENERATE_TIMEOUT=10         #
#                     -DZCL_KEY_ESTABLISHMENT_EKEY_GENERATE_TIMEOUT=10        #
#                     -DZCL_LOAD_CONTROL -DZCL_SIMPLE_METERING -DZCL_PRICING  #
#                     -DZCL_MESSAGE) "C:\Texas Instruments\ZAP-MSP430-2.5.0\C #
#                     omponents\hal\target\MSP5438ZAP\hal_startup.c" -D       #
#                     ZAP_DEVICETYPE=ZG_DEVICETYPE_ENDDEVICE -D               #
#                     TC_LINKKEY_JOIN -D ZCL_REPORT -lC "C:\Texas             #
#                     Instruments\ZAP-MSP430-2.5.0\Projects\zstack\ZAP\SE-Sam #
#                     pleApp\EXP5438\Simple Metering - End Device\List\" -lA  #
#                     "C:\Texas Instruments\ZAP-MSP430-2.5.0\Projects\zstack\ #
#                     ZAP\SE-SampleApp\EXP5438\Simple Metering - End          #
#                     Device\List\" --remarks --diag_suppress                 #
#                     Pe001,Pe193,Pe236,Pe826 -o "C:\Texas                    #
#                     Instruments\ZAP-MSP430-2.5.0\Projects\zstack\ZAP\SE-Sam #
#                     pleApp\EXP5438\Simple Metering - End Device\Obj\"       #
#                     --debug -D__MSP430F5438__ -e --double=32 --clib -I      #
#                     "C:\Texas Instruments\ZAP-MSP430-2.5.0\Projects\zstack\ #
#                     ZAP\SE-SampleApp\EXP5438\" -I "C:\Texas                 #
#                     Instruments\ZAP-MSP430-2.5.0\Projects\zstack\ZAP\SE-Sam #
#                     pleApp\EXP5438\..\Source\" -I "C:\Texas                 #
#                     Instruments\ZAP-MSP430-2.5.0\Projects\zstack\ZAP\SE-Sam #
#                     pleApp\EXP5438\..\..\Source\" -I "C:\Texas              #
#                     Instruments\ZAP-MSP430-2.5.0\Projects\zstack\ZAP\SE-Sam #
#                     pleApp\EXP5438\..\..\..\..\..\Components\hal\target\MSP #
#                     5438ZAP\" -I "C:\Texas Instruments\ZAP-MSP430-2.5.0\Pro #
#                     jects\zstack\ZAP\SE-SampleApp\EXP5438\..\..\..\..\..\Co #
#                     mponents\hal\include\" -I "C:\Texas                     #
#                     Instruments\ZAP-MSP430-2.5.0\Projects\zstack\ZAP\SE-Sam #
#                     pleApp\EXP5438\..\..\..\..\..\Components\mac\include\"  #
#                     -I "C:\Texas Instruments\ZAP-MSP430-2.5.0\Projects\zsta #
#                     ck\ZAP\SE-SampleApp\EXP5438\..\..\..\..\..\Components\m #
#                     t\" -I "C:\Texas Instruments\ZAP-MSP430-2.5.0\Projects\ #
#                     zstack\ZAP\SE-SampleApp\EXP5438\..\..\..\..\..\Componen #
#                     ts\osal\include\" -I "C:\Texas                          #
#                     Instruments\ZAP-MSP430-2.5.0\Projects\zstack\ZAP\SE-Sam #
#                     pleApp\EXP5438\..\..\..\..\..\Components\osal\mcu\msp43 #
#                     0\" -I "C:\Texas Instruments\ZAP-MSP430-2.5.0\Projects\ #
#                     zstack\ZAP\SE-SampleApp\EXP5438\..\..\..\..\..\Componen #
#                     ts\services\saddr\" -I "C:\Texas                        #
#                     Instruments\ZAP-MSP430-2.5.0\Projects\zstack\ZAP\SE-Sam #
#                     pleApp\EXP5438\..\..\..\..\..\Components\services\sdata #
#                     \" -I "C:\Texas Instruments\ZAP-MSP430-2.5.0\Projects\z #
#                     stack\ZAP\SE-SampleApp\EXP5438\..\..\..\..\..\Component #
#                     s\stack\af\" -I "C:\Texas Instruments\ZAP-MSP430-2.5.0\ #
#                     Projects\zstack\ZAP\SE-SampleApp\EXP5438\..\..\..\..\.. #
#                     \Components\stack\nwk\" -I "C:\Texas                    #
#                     Instruments\ZAP-MSP430-2.5.0\Projects\zstack\ZAP\SE-Sam #
#                     pleApp\EXP5438\..\..\..\..\..\Components\stack\sapi\"   #
#                     -I "C:\Texas Instruments\ZAP-MSP430-2.5.0\Projects\zsta #
#                     ck\ZAP\SE-SampleApp\EXP5438\..\..\..\..\..\Components\s #
#                     tack\sec\" -I "C:\Texas Instruments\ZAP-MSP430-2.5.0\Pr #
#                     ojects\zstack\ZAP\SE-SampleApp\EXP5438\..\..\..\..\..\C #
#                     omponents\stack\sys\" -I "C:\Texas                      #
#                     Instruments\ZAP-MSP430-2.5.0\Projects\zstack\ZAP\SE-Sam #
#                     pleApp\EXP5438\..\..\..\..\..\Components\stack\zcl\"    #
#                     -I "C:\Texas Instruments\ZAP-MSP430-2.5.0\Projects\zsta #
#                     ck\ZAP\SE-SampleApp\EXP5438\..\..\..\..\..\Components\s #
#                     tack\zdo\" -I "C:\Texas Instruments\ZAP-MSP430-2.5.0\Pr #
#                     ojects\zstack\ZAP\SE-SampleApp\EXP5438\..\..\..\..\..\C #
#                     omponents\zmac\" -I "C:\Texas                           #
#                     Instruments\ZAP-MSP430-2.5.0\Projects\zstack\ZAP\SE-Sam #
#                     pleApp\EXP5438\..\..\..\..\..\Components\zmac\f8w\"     #
#                     --core=430X --data_model=small -Ohz --multiplier=32     #
#                     --multiplier_location=4C0 --require_prototypes          #
#                     --hw_workaround=CPU40                                   #
#    List file     =  C:\Texas Instruments\ZAP-MSP430-2.5.0\Projects\zstack\Z #
#                     AP\SE-SampleApp\EXP5438\Simple Metering - End           #
#                     Device\List\hal_startup.lst                             #
#    Object file   =  C:\Texas Instruments\ZAP-MSP430-2.5.0\Projects\zstack\Z #
#                     AP\SE-SampleApp\EXP5438\Simple Metering - End           #
#                     Device\Obj\hal_startup.r43                              #
#                                                                             #
#                                                                             #
###############################################################################

C:\Texas Instruments\ZAP-MSP430-2.5.0\Components\hal\target\MSP5438ZAP\hal_startup.c
      1          /**************************************************************************************************
      2            Filename:       hal_startup.c
      3            Revised:        $Date: 2009-09-22 09:01:29 -0700 (Tue, 22 Sep 2009) $
      4            Revision:       $Revision: 20802 $
      5          
      6            Description:    Contains code that needs to run before main()
      7          
      8          
      9            Copyright 2007 Texas Instruments Incorporated. All rights reserved.
     10          
     11            IMPORTANT: Your use of this Software is limited to those specific rights
     12            granted under the terms of a software license agreement between the user
     13            who downloaded the software, his/her employer (which must be your employer)
     14            and Texas Instruments Incorporated (the "License").  You may not use this
     15            Software unless you agree to abide by the terms of the License. The License
     16            limits your use, and you acknowledge, that the Software may not be modified,
     17            copied or distributed unless embedded on a Texas Instruments microcontroller
     18            or used solely and exclusively in conjunction with a Texas Instruments radio
     19            frequency transceiver, which is integrated into your product.  Other than for
     20            the foregoing purpose, you may not use, reproduce, copy, prepare derivative
     21            works of, modify, distribute, perform, display or sell this Software and/or
     22            its documentation for any purpose.
     23          
     24            YOU FURTHER ACKNOWLEDGE AND AGREE THAT THE SOFTWARE AND DOCUMENTATION ARE
     25            PROVIDED “AS IS” WITHOUT WARRANTY OF ANY KIND, EITHER EXPRESS OR IMPLIED, 
     26            INCLUDING WITHOUT LIMITATION, ANY WARRANTY OF MERCHANTABILITY, TITLE, 
     27            NON-INFRINGEMENT AND FITNESS FOR A PARTICULAR PURPOSE. IN NO EVENT SHALL
     28            TEXAS INSTRUMENTS OR ITS LICENSORS BE LIABLE OR OBLIGATED UNDER CONTRACT,
     29            NEGLIGENCE, STRICT LIABILITY, CONTRIBUTION, BREACH OF WARRANTY, OR OTHER
     30            LEGAL EQUITABLE THEORY ANY DIRECT OR INDIRECT DAMAGES OR EXPENSES
     31            INCLUDING BUT NOT LIMITED TO ANY INCIDENTAL, SPECIAL, INDIRECT, PUNITIVE
     32            OR CONSEQUENTIAL DAMAGES, LOST PROFITS OR LOST DATA, COST OF PROCUREMENT
     33            OF SUBSTITUTE GOODS, TECHNOLOGY, SERVICES, OR ANY CLAIMS BY THIRD PARTIES
     34            (INCLUDING BUT NOT LIMITED TO ANY DEFENSE THEREOF), OR OTHER SIMILAR COSTS.
     35          
     36            Should you have any questions regarding your right to use this Software,
     37            contact Texas Instruments Incorporated at www.TI.com. 
     38          **************************************************************************************************/
     39          
     40          /**************************************************************************************************
     41           * INCLUDES
     42           *************************************************************************************************/
     43          #include "hal_mcu.h"

   \                                 In  segment DATA16_AN, at 0x15c
   \   union <unnamed> _A_WDTCTL_L
   \                     _A_WDTCTL_L:
   \   000000                DS8 2
     44          #include "hal_types.h"
     45          
     46          /**************************************************************************************************
     47           * @fn          __low_level_init
     48           *
     49           * @brief       The function __low_level_init is called by the start-up code before doing
     50           *              the normal initialization of data segments. If the return value is zero,
     51           *              initialization is not performed.
     52           *
     53           * @param       None
     54           *
     55           * @return      0 - don't intialize data segments / 1 - do initialization
     56           **************************************************************************************************/
     57          int __low_level_init(void);

   \                                 In  segment CODE, align 2, root
     58          int __low_level_init(void)
   \                     __low_level_init:
   \   000000                REQUIRE ?cstart_call_low_level_init
     59          {
     60            /* Disable watchdog timer */
     61            WDTCTL = WDTPW | WDTHOLD;
   \   000000   B240805A5C01 MOV.W   #0x5a80, &0x15c
     62          
     63            /* Return 1 - run seg_init */
     64            return (1);
   \   000006   1C43         MOV.W   #0x1, R12
   \   000008   1001         RETA
   \   00000A                REQUIRE _A_WDTCTL_L
     65          }

   Maximum stack usage in bytes:

   CSTACK Function
   ------ --------
       4  __low_level_init


   Segment part sizes:

   Bytes  Function/Label
   -----  --------------
       2  _A_WDTCTL_L
      10  __low_level_init

 
 10 bytes in segment CODE
  2 bytes in segment DATA16_AN
 
 10 bytes of CODE memory
  0 bytes of DATA memory (+ 2 bytes shared)

Errors: none
Warnings: none
