###############################################################################
#                                                                             #
#                                                       29/Jan/2012  16:16:32 #
# IAR C/C++ Compiler V5.40.2.20380/W32, Evaluation edition for MSP430         #
# Copyright 1996-2011 IAR Systems AB.                                         #
#                                                                             #
#    __rt_version  =  3                                                       #
#    __double_size =  32                                                      #
#    __reg_r4      =  free                                                    #
#    __reg_r5      =  free                                                    #
#    __pic         =  no                                                      #
#    __core        =  430X                                                    #
#    __data_model  =  small                                                   #
#    Source file   =  C:\Texas Instruments\ZAP-MSP430-2.5.0\Projects\zstack\Z #
#                     AP\Source\se.c                                          #
#    Command line  =  -f "C:\Texas Instruments\ZAP-MSP430-2.5.0\Projects\zsta #
#                     ck\ZAP\SE-SampleApp\EXP5438\..\..\Source\zap.cfg"       #
#                     (-DZAP_PHY_SPI=1 -DZAP_PHY_UART=!ZAP_PHY_SPI            #
#                     -DZAP_PHY_RESET_ZNP=TRUE -DZAP_ZNP_MT=FALSE             #
#                     -DZAP_APP_MSG=FALSE -DZAP_SBL_PROXY=FALSE               #
#                     -DZAP_AUTO_CFG=TRUE -DZAP_AUTO_START=TRUE               #
#                     -DZAP_NV_RESTORE=FALSE -DLCD_SUPPORTED                  #
#                     -DZAP_AF_DATA_REQ_FRAG=FALSE                            #
#                     -DZAP_AF_DATA_REQ_AREQ=!ZAP_AF_DATA_REQ_FRAG            #
#                     -DZAP_ZDO_STARTUP_AREQ=TRUE -DZAP_AF_FUNC               #
#                     -DZAP_SAPI_FUNC -DZAP_SYS_FUNC -DZAP_UTIL_FUNC          #
#                     -DZAP_ZDO_FUNC -DSECURE=0 -DZG_SECURE_DYNAMIC=0         #
#                     "-DDEFAULT_CHANLIST=(uint32)0x00000800"                 #
#                     -DZDAPP_CONFIG_PAN_ID=0xFFFF -DPOLL_RATE=1000           #
#                     -DNWK_START_DELAY=100 -DMAX_BINDING_CLUSTER_IDS=4) -f   #
#                     "C:\Texas Instruments\ZAP-MSP430-2.5.0\Projects\zstack\ #
#                     ZAP\SE-SampleApp\EXP5438\..\..\..\Tools\MSP5438\f8wZCL. #
#                     cfg" (-DZCL_READ -DZCL_WRITE -DZCL_BASIC                #
#                     -DZCL_IDENTIFY -DZCL_ON_OFF -DZCL_KEY_ESTABLISH         #
#                     -DZCL_KEY_ESTABLISHMENT_KEY_GENERATE_TIMEOUT=4          #
#                     -DZCL_KEY_ESTABLISHMENT_MAC_GENERATE_TIMEOUT=10         #
#                     -DZCL_KEY_ESTABLISHMENT_EKEY_GENERATE_TIMEOUT=10        #
#                     -DZCL_LOAD_CONTROL -DZCL_SIMPLE_METERING -DZCL_PRICING  #
#                     -DZCL_MESSAGE) "C:\Texas Instruments\ZAP-MSP430-2.5.0\P #
#                     rojects\zstack\ZAP\Source\se.c" -D                      #
#                     ZAP_DEVICETYPE=ZG_DEVICETYPE_COORDINATOR -D             #
#                     TC_LINKKEY_JOIN -D ZCL_REPORT -D INTER_PAN -lC          #
#                     "C:\Texas Instruments\ZAP-MSP430-2.5.0\Projects\zstack\ #
#                     ZAP\SE-SampleApp\EXP5438\ESP - Coordinator\List\" -lA   #
#                     "C:\Texas Instruments\ZAP-MSP430-2.5.0\Projects\zstack\ #
#                     ZAP\SE-SampleApp\EXP5438\ESP - Coordinator\List\"       #
#                     --remarks --diag_suppress Pe001,Pe193,Pe236,Pe826 -o    #
#                     "C:\Texas Instruments\ZAP-MSP430-2.5.0\Projects\zstack\ #
#                     ZAP\SE-SampleApp\EXP5438\ESP - Coordinator\Obj\"        #
#                     --debug -D__MSP430F5438A__ -e --double=32 --clib -I     #
#                     "C:\Texas Instruments\ZAP-MSP430-2.5.0\Projects\zstack\ #
#                     ZAP\SE-SampleApp\EXP5438\" -I "C:\Texas                 #
#                     Instruments\ZAP-MSP430-2.5.0\Projects\zstack\ZAP\SE-Sam #
#                     pleApp\EXP5438\..\Source\" -I "C:\Texas                 #
#                     Instruments\ZAP-MSP430-2.5.0\Projects\zstack\ZAP\SE-Sam #
#                     pleApp\EXP5438\..\..\Source\" -I "C:\Texas              #
#                     Instruments\ZAP-MSP430-2.5.0\Projects\zstack\ZAP\SE-Sam #
#                     pleApp\EXP5438\..\..\..\..\..\Components\hal\target\MSP #
#                     5438ZAP\" -I "C:\Texas Instruments\ZAP-MSP430-2.5.0\Pro #
#                     jects\zstack\ZAP\SE-SampleApp\EXP5438\..\..\..\..\..\Co #
#                     mponents\hal\include\" -I "C:\Texas                     #
#                     Instruments\ZAP-MSP430-2.5.0\Projects\zstack\ZAP\SE-Sam #
#                     pleApp\EXP5438\..\..\..\..\..\Components\mac\include\"  #
#                     -I "C:\Texas Instruments\ZAP-MSP430-2.5.0\Projects\zsta #
#                     ck\ZAP\SE-SampleApp\EXP5438\..\..\..\..\..\Components\m #
#                     t\" -I "C:\Texas Instruments\ZAP-MSP430-2.5.0\Projects\ #
#                     zstack\ZAP\SE-SampleApp\EXP5438\..\..\..\..\..\Componen #
#                     ts\osal\include\" -I "C:\Texas                          #
#                     Instruments\ZAP-MSP430-2.5.0\Projects\zstack\ZAP\SE-Sam #
#                     pleApp\EXP5438\..\..\..\..\..\Components\osal\mcu\msp43 #
#                     0\" -I "C:\Texas Instruments\ZAP-MSP430-2.5.0\Projects\ #
#                     zstack\ZAP\SE-SampleApp\EXP5438\..\..\..\..\..\Componen #
#                     ts\services\saddr\" -I "C:\Texas                        #
#                     Instruments\ZAP-MSP430-2.5.0\Projects\zstack\ZAP\SE-Sam #
#                     pleApp\EXP5438\..\..\..\..\..\Components\services\sdata #
#                     \" -I "C:\Texas Instruments\ZAP-MSP430-2.5.0\Projects\z #
#                     stack\ZAP\SE-SampleApp\EXP5438\..\..\..\..\..\Component #
#                     s\stack\af\" -I "C:\Texas Instruments\ZAP-MSP430-2.5.0\ #
#                     Projects\zstack\ZAP\SE-SampleApp\EXP5438\..\..\..\..\.. #
#                     \Components\stack\nwk\" -I "C:\Texas                    #
#                     Instruments\ZAP-MSP430-2.5.0\Projects\zstack\ZAP\SE-Sam #
#                     pleApp\EXP5438\..\..\..\..\..\Components\stack\sapi\"   #
#                     -I "C:\Texas Instruments\ZAP-MSP430-2.5.0\Projects\zsta #
#                     ck\ZAP\SE-SampleApp\EXP5438\..\..\..\..\..\Components\s #
#                     tack\sec\" -I "C:\Texas Instruments\ZAP-MSP430-2.5.0\Pr #
#                     ojects\zstack\ZAP\SE-SampleApp\EXP5438\..\..\..\..\..\C #
#                     omponents\stack\sys\" -I "C:\Texas                      #
#                     Instruments\ZAP-MSP430-2.5.0\Projects\zstack\ZAP\SE-Sam #
#                     pleApp\EXP5438\..\..\..\..\..\Components\stack\zcl\"    #
#                     -I "C:\Texas Instruments\ZAP-MSP430-2.5.0\Projects\zsta #
#                     ck\ZAP\SE-SampleApp\EXP5438\..\..\..\..\..\Components\s #
#                     tack\zdo\" -I "C:\Texas Instruments\ZAP-MSP430-2.5.0\Pr #
#                     ojects\zstack\ZAP\SE-SampleApp\EXP5438\..\..\..\..\..\C #
#                     omponents\zmac\" -I "C:\Texas                           #
#                     Instruments\ZAP-MSP430-2.5.0\Projects\zstack\ZAP\SE-Sam #
#                     pleApp\EXP5438\..\..\..\..\..\Components\zmac\f8w\"     #
#                     --core=430X --data_model=small -Ohz --multiplier=32     #
#                     --multiplier_location=4C0 --require_prototypes          #
#                     --hw_workaround=CPU40                                   #
#    List file     =  C:\Texas Instruments\ZAP-MSP430-2.5.0\Projects\zstack\Z #
#                     AP\SE-SampleApp\EXP5438\ESP - Coordinator\List\se.lst   #
#    Object file   =  C:\Texas Instruments\ZAP-MSP430-2.5.0\Projects\zstack\Z #
#                     AP\SE-SampleApp\EXP5438\ESP - Coordinator\Obj\se.r43    #
#                                                                             #
#                                                                             #
###############################################################################

C:\Texas Instruments\ZAP-MSP430-2.5.0\Projects\zstack\ZAP\Source\se.c
      1          /**************************************************************************************************
      2            Filename:       SE.c
      3            Revised:        $Date: 2007-11-16 10:54:05 -0800 (Fri, 16 Nov 2007) $
      4            Revision:       $Revision: 15941 $
      5          
      6            Description:    This file contains the Smart Energy (SE)
      7                            Profile implementation.
      8          
      9          
     10            Copyright 2006-2007 Texas Instruments Incorporated. All rights reserved.
     11          
     12            IMPORTANT: Your use of this Software is limited to those specific rights
     13            granted under the terms of a software license agreement between the user
     14            who downloaded the software, his/her employer (which must be your employer)
     15            and Texas Instruments Incorporated (the "License").  You may not use this
     16            Software unless you agree to abide by the terms of the License. The License
     17            limits your use, and you acknowledge, that the Software may not be modified,
     18            copied or distributed unless embedded on a Texas Instruments microcontroller
     19            or used solely and exclusively in conjunction with a Texas Instruments radio
     20            frequency transceiver, which is integrated into your product.  Other than for
     21            the foregoing purpose, you may not use, reproduce, copy, prepare derivative
     22            works of, modify, distribute, perform, display or sell this Software and/or
     23            its documentation for any purpose.
     24          
     25            YOU FURTHER ACKNOWLEDGE AND AGREE THAT THE SOFTWARE AND DOCUMENTATION ARE
     26            PROVIDED “AS IS” WITHOUT WARRANTY OF ANY KIND, EITHER EXPRESS OR IMPLIED, 
     27            INCLUDING WITHOUT LIMITATION, ANY WARRANTY OF MERCHANTABILITY, TITLE, 
     28            NON-INFRINGEMENT AND FITNESS FOR A PARTICULAR PURPOSE. IN NO EVENT SHALL
     29            TEXAS INSTRUMENTS OR ITS LICENSORS BE LIABLE OR OBLIGATED UNDER CONTRACT,
     30            NEGLIGENCE, STRICT LIABILITY, CONTRIBUTION, BREACH OF WARRANTY, OR OTHER
     31            LEGAL EQUITABLE THEORY ANY DIRECT OR INDIRECT DAMAGES OR EXPENSES
     32            INCLUDING BUT NOT LIMITED TO ANY INCIDENTAL, SPECIAL, INDIRECT, PUNITIVE
     33            OR CONSEQUENTIAL DAMAGES, LOST PROFITS OR LOST DATA, COST OF PROCUREMENT
     34            OF SUBSTITUTE GOODS, TECHNOLOGY, SERVICES, OR ANY CLAIMS BY THIRD PARTIES
     35            (INCLUDING BUT NOT LIMITED TO ANY DEFENSE THEREOF), OR OTHER SIMILAR COSTS.
     36          
     37            Should you have any questions regarding your right to use this Software,
     38            contact Texas Instruments Incorporated at www.TI.com. 
     39          **************************************************************************************************/
     40          
     41          /*********************************************************************
     42           * INCLUDES
     43           */
     44          #include "ZComDef.h"
     45          #include "OSAL.h"
     46          
     47          #include "zcl.h"
     48          #include "zcl_general.h"
     49          #include "zcl_se.h"
     50          #include "zcl_key_establish.h"
     51          
     52          #include "se.h"
     53          
     54          /*********************************************************************
     55           * MACROS
     56           */
     57          
     58          /*********************************************************************
     59           * CONSTANTS
     60           */
     61          
     62          /*********************************************************************
     63           * Cluster Conversion List - table used to convert between real and
     64           * logical cluster IDs.
     65           */
     66          
     67          /*********************************************************************
     68           * TYPEDEFS
     69           */
     70          
     71          /*********************************************************************
     72           * GLOBAL VARIABLES
     73           */
     74          
     75          /*********************************************************************
     76           * EXTERNAL VARIABLES
     77           */
     78          
     79          /*********************************************************************
     80           * EXTERNAL FUNCTIONS
     81           */
     82          
     83          /*********************************************************************
     84           * LOCAL VARIABLES
     85           */
     86          
     87          /*********************************************************************
     88           * LOCAL FUNCTIONS
     89           */
     90          
     91          /*********************************************************************
     92           * @fn      zclSE_Init
     93           *
     94           * @brief   Register the Simple descriptor with the SE profile.
     95           *          This function also registers the profile's cluster
     96           *          conversion table.
     97           *
     98           * @param   simpleDesc
     99           *
    100           * @return  none
    101           */

   \                                 In  segment CODE, align 2
    102          void zclSE_Init( SimpleDescriptionFormat_t *simpleDesc )
   \                     zclSE_Init:
    103          {
   \   000000   0A12         PUSH.W  R10
   \   000002   0A4C         MOV.W   R12, R10
    104            endPointDesc_t *epDesc;
    105          
    106            // Register the application's endpoint descriptor
    107            //  - This memory is allocated and never freed.
    108            epDesc = osal_mem_alloc( sizeof ( endPointDesc_t ) );
   \   000004   3C42         MOV.W   #0x8, R12
   \   000006   ........     CALLA   #osal_mem_alloc
    109            if ( epDesc )
   \   00000A   0C93         CMP.W   #0x0, R12
   \   00000C   0B24         JEQ     ??zclSE_Init_0
    110            {
    111              // Fill out the endpoint description.
    112              epDesc->endPoint = simpleDesc->EndPoint;
   \   00000E   EC4A0000     MOV.B   @R10, 0(R12)
    113              epDesc->task_id = &zcl_TaskID;   // all messages get sent to ZCL first
   \   000012   BC40....0200 MOV.W   #zcl_TaskID, 0x2(R12)
    114              epDesc->simpleDesc = simpleDesc;
   \   000018   8C4A0400     MOV.W   R10, 0x4(R12)
    115              epDesc->latencyReq = noLatencyReqs;
   \   00001C   CC430600     MOV.B   #0x0, 0x6(R12)
    116          
    117              // Register the endpoint description with the AF
    118              afRegister( epDesc );
   \   000020   ........     CALLA   #afRegister
    119            }
    120          }
   \                     ??zclSE_Init_0:
   \   000024   3A41         POP.W   R10
   \   000026   1001         RETA
    121          
    122          /*********************************************************************
    123          *********************************************************************/

   Maximum stack usage in bytes:

   CSTACK Function
   ------ --------
       6  zclSE_Init
            6 -> afRegister
            6 -> osal_mem_alloc


   Segment part sizes:

   Bytes  Function/Label
   -----  --------------
      40  zclSE_Init

 
 40 bytes in segment CODE
 
 40 bytes of CODE memory

Errors: none
Warnings: none
